{
"/Users/ngeshlew/Documents/job/Projects/javascripting-101/sum.js":{"path":"/Users/ngeshlew/Documents/job/Projects/javascripting-101/sum.js","s":{"1":1,"2":1,"3":1},"b":{},"f":{"1":1},"fnMap":{"1":{"name":"sum","line":2,"loc":{"start":{"line":2,"column":0},"end":{"line":2,"column":29}}}},"statementMap":{"1":{"start":{"line":2,"column":0},"end":{"line":4,"column":1}},"2":{"start":{"line":3,"column":2},"end":{"line":3,"column":25}},"3":{"start":{"line":5,"column":0},"end":{"line":5,"column":21}}},"branchMap":{},"l":{"2":1,"3":1,"5":1}},
"/Users/ngeshlew/Documents/job/Projects/javascripting-101/functions.js":{"path":"/Users/ngeshlew/Documents/job/Projects/javascripting-101/functions.js","s":{"1":1,"2":1,"3":1,"4":1},"b":{},"f":{"1":1},"fnMap":{"1":{"name":"eat","line":3,"loc":{"start":{"line":3,"column":0},"end":{"line":3,"column":19}}}},"statementMap":{"1":{"start":{"line":2,"column":0},"end":{"line":2,"column":9}},"2":{"start":{"line":3,"column":0},"end":{"line":5,"column":1}},"3":{"start":{"line":4,"column":1},"end":{"line":4,"column":38}},"4":{"start":{"line":6,"column":0},"end":{"line":6,"column":21}}},"branchMap":{},"l":{"2":1,"3":1,"4":1,"6":1}},
"/Users/ngeshlew/Documents/job/Projects/javascripting-101/accessing-array-values.js":{"path":"/Users/ngeshlew/Documents/job/Projects/javascripting-101/accessing-array-values.js","s":{"1":1,"2":1,"3":1,"4":1},"b":{},"f":{"1":1},"fnMap":{"1":{"name":"access","line":2,"loc":{"start":{"line":2,"column":0},"end":{"line":2,"column":18}}}},"statementMap":{"1":{"start":{"line":1,"column":0},"end":{"line":1,"column":38}},"2":{"start":{"line":2,"column":0},"end":{"line":4,"column":1}},"3":{"start":{"line":3,"column":1},"end":{"line":3,"column":16}},"4":{"start":{"line":6,"column":0},"end":{"line":6,"column":24}}},"branchMap":{},"l":{"1":1,"2":1,"3":1,"6":1}}}
