TN:
SF:/Users/ngeshlew/Documents/job/Projects/javascripting-101/sum.js
FN:2,sum
FNF:1
FNH:1
FNDA:1,sum
DA:2,1
DA:3,1
DA:5,1
LF:3
LH:3
BRF:0
BRH:0
end_of_record
TN:
SF:/Users/ngeshlew/Documents/job/Projects/javascripting-101/functions.js
FN:3,eat
FNF:1
FNH:1
FNDA:1,eat
DA:2,1
DA:3,1
DA:4,1
DA:6,1
LF:4
LH:4
BRF:0
BRH:0
end_of_record
TN:
SF:/Users/ngeshlew/Documents/job/Projects/javascripting-101/accessing-array-values.js
FN:2,access
FNF:1
FNH:1
FNDA:1,access
DA:1,1
DA:2,1
DA:3,1
DA:6,1
LF:4
LH:4
BRF:0
BRH:0
end_of_record
